--- login ---
HTTP/1.1 200 OK
Date: Thu, 21 May 2026 14:24:13 GMT
Server: Apache/2.4.58 (Ubuntu)
Upgrade: h2,h2c
Connection: Upgrade
Set-Cookie: PHPSESSID=pvq1brolckiphna917kf76ne6p; path=/
Expires: Thu, 19 Nov 1981 08:52:00 GMT
Cache-Control: no-store, no-cache, must-revalidate
Pragma: no-cache
Access-Control-Allow-Origin: *
Access-Control-Allow-Methods: GET, POST, OPTIONS
Access-Control-Allow-Headers: Content-Type, Accept
Vary: Accept-Encoding
Content-Length: 242
Content-Type: application/json; charset=utf-8

{"ok":true,"must_change":false,"user":{"id":31,"username":"dd22456","wallet_address":null,"agent_id":null,"is_agent":false,"must_change":false,"status":"active","created_at":"2026-05-21T10:24:13-04:00","is_credit":true,"credit_balance":1000}}--- me ---
HTTP/1.1 200 OK
Date: Thu, 21 May 2026 14:24:14 GMT
Server: Apache/2.4.58 (Ubuntu)
Upgrade: h2,h2c
Connection: Upgrade
Expires: Thu, 19 Nov 1981 08:52:00 GMT
Cache-Control: no-store, no-cache, must-revalidate
Pragma: no-cache
Access-Control-Allow-Origin: *
Access-Control-Allow-Methods: GET, POST, OPTIONS
Access-Control-Allow-Headers: Content-Type, Accept
Vary: Accept-Encoding
Content-Length: 212
Content-Type: application/json; charset=utf-8

{"user":{"id":31,"username":"dd22456","wallet_address":null,"agent_id":null,"is_agent":false,"must_change":false,"status":"active","created_at":"2026-05-21T10:24:14-04:00","is_credit":true,"credit_balance":1000}}--- cookies ---
# Netscape HTTP Cookie File
# https://curl.se/docs/http-cookies.html
# This file was generated by libcurl! Edit at your own risk.

3.25.180.205	FALSE	/	FALSE	0	PHPSESSID	pvq1brolckiphna917kf76ne6p
